<?xml version="1.0" encoding="UTF-8"?>
<testsuite xmlns:xsi="http://www.w3.org/2001/XMLSchema-instance" xsi:noNamespaceSchemaLocation="https://maven.apache.org/surefire/maven-surefire-plugin/xsd/surefire-test-report.xsd" version="3.0.2" name="com.nie.NieUserAppApplicationTests" time="5.572" tests="1" errors="0" skipped="0" failures="0">
  <properties>
[...]
</properties>
  <testcase name="contextLoads" classname="com.nie.NieUserAppApplicationTests" time="1.154">
    <system-out><![CDATA[11:56:13.205 [main] INFO org.springframework.test.context.support.AnnotationConfigContextLoaderUtils -- Could not detect default configuration classes for test class [com.nie.NieUserAppApplicationTests]: NieUserAppApplicationTests does not declare any static, non-private, non-final, nested classes annotated with @Configuration.
11:56:13.372 [main] INFO org.springframework.boot.test.context.SpringBootTestContextBootstrapper -- Found @SpringBootConfiguration com.nie.NieUserAppApplication for test class com.nie.NieUserAppApplicationTests
11:56:13.556 [main] INFO org.springframework.boot.devtools.restart.RestartApplicationListener -- Restart disabled due to context in which it is running

  .   ____          _            __ _ _
 /\\ / ___'_ __ _ _(_)_ __  __ _ \ \ \ \
( ( )\___ | '_ | '_| | '_ \/ _` | \ \ \ \
 \\/  ___)| |_)| | | | | || (_| |  ) ) ) )
  '  |____| .__|_| |_|_| |_\__, | / / / /
 =========|_|==============|___/=/_/_/_/

 :: Spring Boot ::                (v3.5.5)

2025-09-18T11:56:14.311+05:30  INFO 39682 --- [NIEUserApp] [           main] com.nie.NieUserAppApplicationTests       : Starting NieUserAppApplicationTests using Java 22.0.2 with PID 39682 (started by swapnam in /Users/swapnam/Desktop/trainings/NIE/NIEUserApp)
2025-09-18T11:56:14.313+05:30  INFO 39682 --- [NIEUserApp] [           main] com.nie.NieUserAppApplicationTests       : No active profile set, falling back to 1 default profile: "default"
2025-09-18T11:56:15.466+05:30  INFO 39682 --- [NIEUserApp] [           main] .s.d.r.c.RepositoryConfigurationDelegate : Bootstrapping Spring Data MongoDB repositories in DEFAULT mode.
2025-09-18T11:56:15.538+05:30  INFO 39682 --- [NIEUserApp] [           main] .s.d.r.c.RepositoryConfigurationDelegate : Finished Spring Data repository scanning in 57 ms. Found 1 MongoDB repository interface.
2025-09-18T11:56:16.126+05:30  INFO 39682 --- [NIEUserApp] [           main] org.mongodb.driver.client                : MongoClient with metadata {"driver": {"name": "mongo-java-driver|sync|spring-boot", "version": "5.5.1"}, "os": {"type": "Darwin", "name": "Mac OS X", "architecture": "x86_64", "version": "14.3.1"}, "platform": "Java/Eclipse Adoptium/22.0.2+9"} created with settings MongoClientSettings{readPreference=primary, writeConcern=WriteConcern{w=majority, wTimeout=null ms, journal=null}, retryWrites=true, retryReads=true, readConcern=ReadConcern{level=null}, credential=MongoCredential{mechanism=null, userName='myuser', source='admin', password=<hidden>, mechanismProperties=<hidden>}, transportSettings=null, commandListeners=[], codecRegistry=ProvidersCodecRegistry{codecProviders=[ValueCodecProvider{}, BsonValueCodecProvider{}, DBRefCodecProvider{}, DBObjectCodecProvider{}, DocumentCodecProvider{}, CollectionCodecProvider{}, IterableCodecProvider{}, MapCodecProvider{}, GeoJsonCodecProvider{}, GridFSFileCodecProvider{}, Jsr310CodecProvider{}, JsonObjectCodecProvider{}, BsonCodecProvider{}, EnumCodecProvider{}, com.mongodb.client.model.mql.ExpressionCodecProvider@35dece42, com.mongodb.Jep395RecordCodecProvider@dd3f8aa, com.mongodb.KotlinCodecProvider@3d615b2e]}, loggerSettings=LoggerSettings{maxDocumentLength=1000}, clusterSettings={hosts=[127.0.0.1:27017], srvHost=cluster0.4s8bswq.mongodb.net, srvServiceName=mongodb, mode=MULTIPLE, requiredClusterType=REPLICA_SET, requiredReplicaSetName='atlas-hw7c96-shard-0', serverSelector='null', clusterListeners='[]', serverSelectionTimeout='30000 ms', localThreshold='15 ms'}, socketSettings=SocketSettings{connectTimeoutMS=10000, readTimeoutMS=0, receiveBufferSize=0, proxySettings=ProxySettings{host=null, port=null, username=null, password=null}}, heartbeatSocketSettings=SocketSettings{connectTimeoutMS=10000, readTimeoutMS=10000, receiveBufferSize=0, proxySettings=ProxySettings{host=null, port=null, username=null, password=null}}, connectionPoolSettings=ConnectionPoolSettings{maxSize=100, minSize=0, maxWaitTimeMS=120000, maxConnectionLifeTimeMS=0, maxConnectionIdleTimeMS=0, maintenanceInitialDelayMS=0, maintenanceFrequencyMS=60000, connectionPoolListeners=[], maxConnecting=2}, serverSettings=ServerSettings{heartbeatFrequencyMS=10000, minHeartbeatFrequencyMS=500, serverMonitoringMode=AUTO, serverListeners='[]', serverMonitorListeners='[]'}, sslSettings=SslSettings{enabled=true, invalidHostNameAllowed=false, context=null}, applicationName='null', compressorList=[], uuidRepresentation=JAVA_LEGACY, serverApi=null, autoEncryptionSettings=null, dnsClient=null, inetAddressResolver=null, contextProvider=null, timeoutMS=null}
2025-09-18T11:56:16.151+05:30  INFO 39682 --- [NIEUserApp] [swq.mongodb.net] org.mongodb.driver.cluster               : Adding discovered server ac-tz5q17f-shard-00-01.4s8bswq.mongodb.net:27017 to client view of cluster
2025-09-18T11:56:16.173+05:30  INFO 39682 --- [NIEUserApp] [swq.mongodb.net] org.mongodb.driver.cluster               : Adding discovered server ac-tz5q17f-shard-00-00.4s8bswq.mongodb.net:27017 to client view of cluster
2025-09-18T11:56:16.183+05:30  INFO 39682 --- [NIEUserApp] [swq.mongodb.net] org.mongodb.driver.cluster               : Adding discovered server ac-tz5q17f-shard-00-02.4s8bswq.mongodb.net:27017 to client view of cluster
2025-09-18T11:56:17.167+05:30  INFO 39682 --- [NIEUserApp] [ngodb.net:27017] org.mongodb.driver.cluster               : Monitor thread successfully connected to server with description ServerDescription{address=ac-tz5q17f-shard-00-01.4s8bswq.mongodb.net:27017, type=REPLICA_SET_PRIMARY, cryptd=false, state=CONNECTED, ok=true, minWireVersion=0, maxWireVersion=25, maxDocumentSize=16777216, logicalSessionTimeoutMinutes=30, roundTripTimeNanos=581752208, minRoundTripTimeNanos=0, setName='atlas-hw7c96-shard-0', canonicalAddress=ac-tz5q17f-shard-00-01.4s8bswq.mongodb.net:27017, hosts=[ac-tz5q17f-shard-00-00.4s8bswq.mongodb.net:27017, ac-tz5q17f-shard-00-01.4s8bswq.mongodb.net:27017, ac-tz5q17f-shard-00-02.4s8bswq.mongodb.net:27017], passives=[], arbiters=[], primary='ac-tz5q17f-shard-00-01.4s8bswq.mongodb.net:27017', tagSet=TagSet{[Tag{name='availabilityZone', value='aps1-az3'}, Tag{name='diskState', value='READY'}, Tag{name='nodeType', value='ELECTABLE'}, Tag{name='provider', value='AWS'}, Tag{name='region', value='AP_SOUTH_1'}, Tag{name='workloadType', value='OPERATIONAL'}]}, electionId=7fffffff000000000000021b, setVersion=202, topologyVersion=TopologyVersion{processId=68c481394361d86a0cb7f6e1, counter=6}, lastWriteDate=Thu Sep 18 11:56:17 IST 2025, lastUpdateTimeNanos=216198011417584}
2025-09-18T11:56:17.175+05:30  INFO 39682 --- [NIEUserApp] [ngodb.net:27017] org.mongodb.driver.cluster               : Discovered replica set primary ac-tz5q17f-shard-00-01.4s8bswq.mongodb.net:27017 with max election id 7fffffff000000000000021b and max set version 202
2025-09-18T11:56:17.191+05:30  INFO 39682 --- [NIEUserApp] [ngodb.net:27017] org.mongodb.driver.cluster               : Monitor thread successfully connected to server with description ServerDescription{address=ac-tz5q17f-shard-00-00.4s8bswq.mongodb.net:27017, type=REPLICA_SET_SECONDARY, cryptd=false, state=CONNECTED, ok=true, minWireVersion=0, maxWireVersion=25, maxDocumentSize=16777216, logicalSessionTimeoutMinutes=30, roundTripTimeNanos=645458916, minRoundTripTimeNanos=0, setName='atlas-hw7c96-shard-0', canonicalAddress=ac-tz5q17f-shard-00-00.4s8bswq.mongodb.net:27017, hosts=[ac-tz5q17f-shard-00-00.4s8bswq.mongodb.net:27017, ac-tz5q17f-shard-00-01.4s8bswq.mongodb.net:27017, ac-tz5q17f-shard-00-02.4s8bswq.mongodb.net:27017], passives=[], arbiters=[], primary='ac-tz5q17f-shard-00-01.4s8bswq.mongodb.net:27017', tagSet=TagSet{[Tag{name='availabilityZone', value='aps1-az1'}, Tag{name='diskState', value='READY'}, Tag{name='nodeType', value='ELECTABLE'}, Tag{name='provider', value='AWS'}, Tag{name='region', value='AP_SOUTH_1'}, Tag{name='workloadType', value='OPERATIONAL'}]}, electionId=null, setVersion=202, topologyVersion=TopologyVersion{processId=68c47ea02faf44b784615ca7, counter=4}, lastWriteDate=Thu Sep 18 11:56:17 IST 2025, lastUpdateTimeNanos=216198040761250}
2025-09-18T11:56:17.192+05:30  INFO 39682 --- [NIEUserApp] [ngodb.net:27017] org.mongodb.driver.cluster               : Monitor thread successfully connected to server with description ServerDescription{address=ac-tz5q17f-shard-00-02.4s8bswq.mongodb.net:27017, type=REPLICA_SET_SECONDARY, cryptd=false, state=CONNECTED, ok=true, minWireVersion=0, maxWireVersion=25, maxDocumentSize=16777216, logicalSessionTimeoutMinutes=30, roundTripTimeNanos=646960000, minRoundTripTimeNanos=0, setName='atlas-hw7c96-shard-0', canonicalAddress=ac-tz5q17f-shard-00-02.4s8bswq.mongodb.net:27017, hosts=[ac-tz5q17f-shard-00-00.4s8bswq.mongodb.net:27017, ac-tz5q17f-shard-00-01.4s8bswq.mongodb.net:27017, ac-tz5q17f-shard-00-02.4s8bswq.mongodb.net:27017], passives=[], arbiters=[], primary='ac-tz5q17f-shard-00-01.4s8bswq.mongodb.net:27017', tagSet=TagSet{[Tag{name='availabilityZone', value='aps1-az2'}, Tag{name='diskState', value='READY'}, Tag{name='nodeType', value='ELECTABLE'}, Tag{name='provider', value='AWS'}, Tag{name='region', value='AP_SOUTH_1'}, Tag{name='workloadType', value='OPERATIONAL'}]}, electionId=null, setVersion=202, topologyVersion=TopologyVersion{processId=68c4845195a122193c3f5e09, counter=3}, lastWriteDate=Thu Sep 18 11:56:17 IST 2025, lastUpdateTimeNanos=216198042261292}
2025-09-18T11:56:17.361+05:30  INFO 39682 --- [NIEUserApp] [           main] com.nie.NieUserAppApplicationTests       : Started NieUserAppApplicationTests in 3.818 seconds (process running for 5.321)
]]></system-out>
    <system-err><![CDATA[Mockito is currently self-attaching to enable the inline-mock-maker. This will no longer work in future releases of the JDK. Please add Mockito as an agent to your build as described in Mockito's documentation: https://javadoc.io/doc/org.mockito/mockito-core/latest/org.mockito/org/mockito/Mockito.html#0.3
WARNING: A Java agent has been loaded dynamically (/Users/swapnam/.m2/repository/net/bytebuddy/byte-buddy-agent/1.17.7/byte-buddy-agent-1.17.7.jar)
WARNING: If a serviceability tool is in use, please run with -XX:+EnableDynamicAgentLoading to hide this warning
WARNING: If a serviceability tool is not in use, please run with -Djdk.instrument.traceUsage for more information
WARNING: Dynamic loading of agents will be disallowed by default in a future release
]]></system-err>
  </testcase>
</testsuite>